{
  "stats": {
    "suites": 1,
    "tests": 1,
    "passes": 1,
    "pending": 0,
    "failures": 0,
    "start": "2022-05-14T15:00:33.804Z",
    "end": "2022-05-14T15:00:33.889Z",
    "duration": 85,
    "testsRegistered": 1,
    "passPercent": 100,
    "pendingPercent": 0,
    "other": 0,
    "hasOther": false,
    "skipped": 0,
    "hasSkipped": false
  },
  "results": [
    {
      "uuid": "3ac1d6bf-9e89-4c1b-b905-491df1ad9978",
      "title": "",
      "fullFile": "cypress/integration/1-getting-started/firstTest.spec.js",
      "file": "cypress/integration/1-getting-started/firstTest.spec.js",
      "beforeHooks": [],
      "afterHooks": [],
      "tests": [],
      "suites": [
        {
          "uuid": "d22b35b7-9416-434f-814a-b21fac1be9aa",
          "title": "happy_scenarios",
          "fullFile": "",
          "file": "",
          "beforeHooks": [],
          "afterHooks": [],
          "tests": [
            {
              "title": "firstTest",
              "fullTitle": "happy_scenarios firstTest",
              "timedOut": null,
              "duration": 53,
              "state": "passed",
              "speed": "fast",
              "pass": true,
              "fail": false,
              "pending": false,
              "context": null,
              "code": "cy.visit(\"https://demo.guru99.com/test/newtours/\");\ncy.get(\"[name='userName']\").type('Gemba');\ncy.get(\"[name='userName']\").should(\"exist\");\ncy.get(\"[name='userName']\").should('have.value', \"Gemba\"); //expect(cy.get(\"\")).to.have(\"length\",5)\n//expect(cy.get(\"\")).not.have()",
              "err": {},
              "uuid": "2f595567-c2f6-4ecc-8f9a-54e3e2f73b82",
              "parentUUID": "d22b35b7-9416-434f-814a-b21fac1be9aa",
              "isHook": false,
              "skipped": false
            }
          ],
          "suites": [],
          "passes": [
            "2f595567-c2f6-4ecc-8f9a-54e3e2f73b82"
          ],
          "failures": [],
          "pending": [],
          "skipped": [],
          "duration": 53,
          "root": false,
          "rootEmpty": false,
          "_timeout": 2000
        }
      ],
      "passes": [],
      "failures": [],
      "pending": [],
      "skipped": [],
      "duration": 0,
      "root": true,
      "rootEmpty": true,
      "_timeout": 2000
    }
  ],
  "meta": {
    "mocha": {
      "version": "7.0.1"
    },
    "mochawesome": {
      "options": {
        "quiet": false,
        "reportFilename": "mochawesome",
        "saveHtml": true,
        "saveJson": true,
        "consoleReporter": "spec",
        "useInlineDiffs": false,
        "code": true
      },
      "version": "7.1.3"
    },
    "marge": {
      "options": null,
      "version": "6.2.0"
    }
  }
}